<?xml version="1.0" encoding="UTF-8"?>
<!-- Generated by org.testng.reporters.JUnitXMLReporter -->
<testsuite hostname="MAA-5CG838585D" ignored="3" name="Default test(failed)" tests="1" failures="1" timestamp="21 Sep 2022 09:23:59 GMT" time="0.064" errors="0">
  <testcase name="tc4" time="0.015" classname="org.Tngconcept.ReRun">
    <failure type="java.lang.AssertionError" message="failed expected [true] but found [false]">
      <![CDATA[java.lang.AssertionError: failed expected [true] but found [false]
at org.Tngconcept.ReRun.tc4(ReRun.java:26)
... Removed 28 stack frames]]>
    </failure>
  </testcase> <!-- tc4 -->
  <testcase name="tc3" time="0.0" classname="org.Tngconcept.ReRun">
    <ignored/>
  </testcase> <!-- tc3 -->
  <testcase name="tc2" time="0.0" classname="org.Tngconcept.ReRun">
    <ignored/>
  </testcase> <!-- tc2 -->
  <testcase name="tc1" time="0.0" classname="org.Tngconcept.ReRun">
    <ignored/>
  </testcase> <!-- tc1 -->
</testsuite> <!-- Default test(failed) -->
