<?xml version="1.0" encoding="UTF-8"?>
<!-- Generated by org.testng.reporters.JUnitXMLReporter -->
<testsuite hostname="MAA-5CG838585D" ignored="0" name="Test" tests="6" failures="1" timestamp="21 Sep 2022 15:07:11 GMT" time="0.047" errors="0">
  <testcase name="tc1" time="0.009" classname="org.Tngconcept.ReRun"/>
  <testcase name="tc2" time="0.0" classname="org.Tngconcept.ReRun"/>
  <testcase name="tc3" time="0.001" classname="org.Tngconcept.ReRun"/>
  <testcase name="tc6" time="0.003" classname="org.Tngconcept.ReRun">
    <skipped/>
  </testcase> <!-- tc6 -->
  <testcase name="tc6" time="0.001" classname="org.Tngconcept.ReRun">
    <skipped/>
  </testcase> <!-- tc6 -->
  <testcase name="tc6" time="0.001" classname="org.Tngconcept.ReRun">
    <failure type="java.lang.AssertionError" message="opps expected [true] but found [false]">
      <![CDATA[java.lang.AssertionError: opps expected [true] but found [false]
at org.Tngconcept.ReRun.tc6(ReRun.java:25)
... Removed 28 stack frames]]>
    </failure>
  </testcase> <!-- tc6 -->
</testsuite> <!-- Test -->
